生成启动时间为 2017/5/21 16:39:02。
     1>项目“F:\GamePlatform\Source\Client\GameLobby\frameworks\cocos2d-x\cocos\scripting\lua-bindings\proj.win32\libluacocos2d.vcxproj”在节点 4 上(Build 个目标)。
     1>PreBuildEvent:
         if not exist "F:\GamePlatform\Source\Client\GameLobby\frameworks\runtime-src\proj.win32\Debug.win32\" mkdir "F:\GamePlatform\Source\Client\GameLobby\frameworks\runtime-src\proj.win32\Debug.win32\"
         xcopy /Y /Q "F:\GamePlatform\Source\Client\GameLobby\frameworks\cocos2d-x\cocos\scripting\lua-bindings\proj.win32\..\..\..\..\external\lua\luajit\prebuilt\win32\*.*" "F:\GamePlatform\Source\Client\GameLobby\frameworks\runtime-src\proj.win32\Debug.win32\"
         :VCEnd
         复制了 2 个文件
       ClCompile:
         D:\Program Files\Microsoft Visual Studio 12.0\VC\bin\CL.exe /c /I"F:\GamePlatform\Source\Client\GameLobby\frameworks\cocos2d-x\cocos\2d\..\..\\" /I"F:\GamePlatform\Source\Client\GameLobby\frameworks\cocos2d-x\cocos\2d\..\..\external" /I"F:\GamePlatform\Source\Client\GameLobby\frameworks\cocos2d-x\cocos\2d\..\..\external\lua" /I"F:\GamePlatform\Source\Client\GameLobby\frameworks\cocos2d-x\cocos\2d\..\..\external\lua\tolua" /I"F:\GamePlatform\Source\Client\GameLobby\frameworks\cocos2d-x\cocos\2d\..\..\external\lua\luajit\include" /I"F:\GamePlatform\Source\Client\GameLobby\frameworks\cocos2d-x\cocos\2d\..\..\external\libwebsockets\win32\include" /I"F:\GamePlatform\Source\Client\GameLobby\frameworks\cocos2d-x\cocos\2d\..\..\extensions" /I"F:\GamePlatform\Source\Client\GameLobby\frameworks\cocos2d-x\cocos\2d\..\..\cocos" /I"F:\GamePlatform\Source\Client\GameLobby\frameworks\cocos2d-x\cocos\2d\..\..\cocos/editor-support" /I"F:\GamePlatform\Source\Client\GameLobby\frameworks\cocos2d-x\cocos\2d\..\..\external\glfw3\include\win32" /I"F:\GamePlatform\Source\Client\GameLobby\frameworks\cocos2d-x\cocos\2d\..\..\external\win32-specific\gles\include\OGLES" /I"F:\GamePlatform\Source\Client\GameLobby\frameworks\cocos2d-x\cocos\2d\..\..\external\freetype2\include\win32\freetype2" /I"F:\GamePlatform\Source\Client\GameLobby\frameworks\cocos2d-x\cocos\2d\..\..\external\freetype2\include\win32\\" /I"F:\GamePlatform\Source\Client\GameLobby\frameworks\cocos2d-x\cocos\2d\..\..\external" /I"F:\GamePlatform\Source\Client\GameLobby\frameworks\cocos2d-x\cocos\2d\..\..\external\openssl\include\win32" /Z7 /nologo /W3 /WX- /MP /Od /Oy- /D WIN32 /D _WINDOWS /D _DEBUG /D COCOS2D_DEBUG=1 /D _CRT_SECURE_NO_WARNINGS /D _USRLUASTATIC /D _VARIADIC_MAX=10 /D _USING_V110_SDK71_ /D _UNICODE /D UNICODE /Gm- /EHsc /RTC1 /MDd /GS /fp:precise /Zc:wchar_t /Zc:forScope /Fo"Debug.win32\libluacocos2d\\" /Fd"Debug.win32\libluacocos2d\vc120.pdb" /Gd /TC /wd4800 /wd4267 /wd4251 /wd4244 /analyze- /errorReport:prompt ..\..\..\..\external\lua\luasocket\auxiliar.c ..\..\..\..\external\lua\luasocket\buffer.c ..\..\..\..\external\lua\luasocket\except.c ..\..\..\..\external\lua\luasocket\inet.c ..\..\..\..\external\lua\luasocket\io.c ..\..\..\..\external\lua\luasocket\luasocket.c ..\..\..\..\external\lua\luasocket\luasocket_scripts.c ..\..\..\..\external\lua\luasocket\mime.c ..\..\..\..\external\lua\luasocket\options.c ..\..\..\..\external\lua\luasocket\select.c ..\..\..\..\external\lua\luasocket\tcp.c ..\..\..\..\external\lua\luasocket\timeout.c ..\..\..\..\external\lua\luasocket\udp.c ..\..\..\..\external\lua\luasocket\wsocket.c ..\..\..\..\external\lua\tolua\tolua_event.c ..\..\..\..\external\lua\tolua\tolua_is.c ..\..\..\..\external\lua\tolua\tolua_map.c ..\..\..\..\external\lua\tolua\tolua_push.c ..\..\..\..\external\lua\tolua\tolua_to.c ..\manual\network\lua_extensions.c
         auxiliar.c
         buffer.c
         except.c
         inet.c
         io.c
         luasocket.c
         luasocket_scripts.c
         mime.c
         options.c
         select.c
     1>..\..\..\..\external\lua\luasocket\inet.c(254): warning C4133: “函数”: 从“WCHAR *”到“const char *”的类型不兼容
         tcp.c
         timeout.c
     1>..\..\..\..\external\lua\luasocket\inet.c(288): warning C4133: “函数”: 从“WCHAR *”到“const char *”的类型不兼容
         udp.c
         wsocket.c
     1>..\..\..\..\external\lua\luasocket\udp.c(181): warning C4133: “函数”: 从“WCHAR *”到“const char *”的类型不兼容
     1>..\..\..\..\external\lua\luasocket\udp.c(251): warning C4133: “函数”: 从“WCHAR *”到“const char *”的类型不兼容
         tolua_event.c
     1>..\..\..\..\external\lua\luasocket\wsocket.c(431): warning C4133: “return”: 从“WCHAR *”到“const char *”的类型不兼容
         tolua_is.c
         tolua_map.c
         tolua_push.c
         tolua_to.c
         lua_extensions.c
         D:\Program Files\Microsoft Visual Studio 12.0\VC\bin\CL.exe /c /I"F:\GamePlatform\Source\Client\GameLobby\frameworks\cocos2d-x\cocos\2d\..\..\\" /I"F:\GamePlatform\Source\Client\GameLobby\frameworks\cocos2d-x\cocos\2d\..\..\external" /I"F:\GamePlatform\Source\Client\GameLobby\frameworks\cocos2d-x\cocos\2d\..\..\external\lua" /I"F:\GamePlatform\Source\Client\GameLobby\frameworks\cocos2d-x\cocos\2d\..\..\external\lua\tolua" /I"F:\GamePlatform\Source\Client\GameLobby\frameworks\cocos2d-x\cocos\2d\..\..\external\lua\luajit\include" /I"F:\GamePlatform\Source\Client\GameLobby\frameworks\cocos2d-x\cocos\2d\..\..\external\libwebsockets\win32\include" /I"F:\GamePlatform\Source\Client\GameLobby\frameworks\cocos2d-x\cocos\2d\..\..\extensions" /I"F:\GamePlatform\Source\Client\GameLobby\frameworks\cocos2d-x\cocos\2d\..\..\cocos" /I"F:\GamePlatform\Source\Client\GameLobby\frameworks\cocos2d-x\cocos\2d\..\..\cocos/editor-support" /I"F:\GamePlatform\Source\Client\GameLobby\frameworks\cocos2d-x\cocos\2d\..\..\external\glfw3\include\win32" /I"F:\GamePlatform\Source\Client\GameLobby\frameworks\cocos2d-x\cocos\2d\..\..\external\win32-specific\gles\include\OGLES" /I"F:\GamePlatform\Source\Client\GameLobby\frameworks\cocos2d-x\cocos\2d\..\..\external\freetype2\include\win32\freetype2" /I"F:\GamePlatform\Source\Client\GameLobby\frameworks\cocos2d-x\cocos\2d\..\..\external\freetype2\include\win32\\" /I"F:\GamePlatform\Source\Client\GameLobby\frameworks\cocos2d-x\cocos\2d\..\..\external" /I"F:\GamePlatform\Source\Client\GameLobby\frameworks\cocos2d-x\cocos\2d\..\..\external\openssl\include\win32" /Z7 /nologo /W3 /WX- /MP /Od /Oy- /D WIN32 /D _WINDOWS /D _DEBUG /D COCOS2D_DEBUG=1 /D _CRT_SECURE_NO_WARNINGS /D _USRLUASTATIC /D _VARIADIC_MAX=10 /D _USING_V110_SDK71_ /D _UNICODE /D UNICODE /Gm- /EHsc /RTC1 /MDd /GS /fp:precise /Zc:wchar_t /Zc:forScope /Fo"Debug.win32\libluacocos2d\\" /Fd"Debug.win32\libluacocos2d\vc120.pdb" /Gd /TP /wd4800 /wd4267 /wd4251 /wd4244 /analyze- /errorReport:prompt ..\..\..\..\external\xxtea\xxtea.cpp ..\auto\lua_cocos2dx_3d_auto.cpp ..\auto\lua_cocos2dx_audioengine_auto.cpp ..\auto\lua_cocos2dx_auto.cpp ..\auto\lua_cocos2dx_cocosbuilder_auto.cpp ..\auto\lua_cocos2dx_cocosdenshion_auto.cpp ..\auto\lua_cocos2dx_csloader_auto.cpp ..\auto\lua_cocos2dx_experimental_auto.cpp ..\auto\lua_cocos2dx_experimental_video_auto.cpp ..\auto\lua_cocos2dx_experimental_webview_auto.cpp ..\auto\lua_cocos2dx_extension_auto.cpp ..\auto\lua_cocos2dx_navmesh_auto.cpp ..\auto\lua_cocos2dx_physics3d_auto.cpp ..\auto\lua_cocos2dx_physics_auto.cpp ..\auto\lua_cocos2dx_spine_auto.cpp ..\auto\lua_cocos2dx_studio_auto.cpp ..\auto\lua_cocos2dx_ui_auto.cpp ..\manual\3d\lua_cocos2dx_3d_manual.cpp ..\manual\audioengine\lua_cocos2dx_audioengine_manual.cpp ..\manual\CCLuaBridge.cpp ..\manual\CCLuaEngine.cpp ..\manual\CCLuaStack.cpp ..\manual\CCLuaValue.cpp ..\manual\Cocos2dxLuaLoader.cpp ..\manual\cocos2d\LuaOpengl.cpp ..\manual\cocos2d\LuaScriptHandlerMgr.cpp ..\manual\CCComponentLua.cpp ..\manual\cocos2d\lua_cocos2dx_deprecated.cpp ..\manual\cocos2d\lua_cocos2dx_experimental_manual.cpp ..\manual\cocos2d\lua_cocos2dx_manual.cpp ..\manual\cocos2d\lua_cocos2dx_physics_manual.cpp ..\manual\cocosbuilder\CCBProxy.cpp ..\manual\cocosbuilder\lua_cocos2dx_cocosbuilder_manual.cpp ..\manual\cocosdenshion\lua_cocos2dx_cocosdenshion_manual.cpp ..\manual\cocostudio\CustomGUIReader.cpp "..\manual\cocostudio\lua-cocos-studio-conversions.cpp" ..\manual\cocostudio\lua_cocos2dx_coco_studio_manual.cpp ..\manual\cocostudio\lua_cocos2dx_csloader_manual.cpp ..\manual\extension\lua_cocos2dx_extension_manual.cpp ..\manual\LuaBasicConversions.cpp ..\manual\lua_module_register.cpp ..\manual\navmesh\lua_cocos2dx_navmesh_conversions.cpp ..\manual\navmesh\lua_cocos2dx_navmesh_manual.cpp ..\manual\network\lua_cocos2dx_network_manual.cpp ..\manual\network\Lua_web_socket.cpp ..\manual\network\lua_xml_http_request.cpp ..\manual\physics3d\lua_cocos2dx_physics3d_manual.cpp ..\manual\spine\LuaSkeletonAnimation.cpp ..\manual\spine\lua_cocos2dx_spine_manual.cpp ..\manual\tolua_fix.cpp ..\manual\ui\lua_cocos2dx_experimental_video_manual.cpp ..\manual\ui\lua_cocos2dx_experimental_webview_manual.cpp ..\manual\ui\lua_cocos2dx_ui_manual.cpp
         xxtea.cpp
         lua_cocos2dx_3d_auto.cpp
         lua_cocos2dx_audioengine_auto.cpp
         lua_cocos2dx_auto.cpp
         lua_cocos2dx_cocosbuilder_auto.cpp
         lua_cocos2dx_cocosdenshion_auto.cpp
         lua_cocos2dx_csloader_auto.cpp
         lua_cocos2dx_experimental_auto.cpp
     1>..\auto\lua_cocos2dx_3d_auto.cpp(90): warning C4083: 应输入“(”；找到标识符“NO”
     1>..\auto\lua_cocos2dx_auto.cpp(196): warning C4083: 应输入“(”；找到标识符“NO”
     1>..\auto\lua_cocos2dx_auto.cpp(201): warning C4083: 应输入“(”；找到标识符“NO”
     1>..\auto\lua_cocos2dx_auto.cpp(218): warning C4083: 应输入“(”；找到标识符“NO”
     1>..\auto\lua_cocos2dx_auto.cpp(362): warning C4083: 应输入“(”；找到标识符“NO”
     1>..\auto\lua_cocos2dx_auto.cpp(371): warning C4083: 应输入“(”；找到标识符“NO”
     1>..\auto\lua_cocos2dx_auto.cpp(387): warning C4083: 应输入“(”；找到标识符“NO”
     1>..\auto\lua_cocos2dx_auto.cpp(536): warning C4083: 应输入“(”；找到标识符“NO”
     1>..\auto\lua_cocos2dx_auto.cpp(673): warning C4083: 应输入“(”；找到标识符“NO”
     1>..\auto\lua_cocos2dx_3d_auto.cpp(5377): warning C4083: 应输入“(”；找到标识符“NO”
     1>..\auto\lua_cocos2dx_3d_auto.cpp(5773): warning C4083: 应输入“(”；找到标识符“NO”
     1>..\auto\lua_cocos2dx_3d_auto.cpp(6408): warning C4083: 应输入“(”；找到标识符“NO”
     1>..\auto\lua_cocos2dx_3d_auto.cpp(6506): warning C4083: 应输入“(”；找到标识符“NO”
     1>..\auto\lua_cocos2dx_3d_auto.cpp(6557): warning C4083: 应输入“(”；找到标识符“NO”
     1>..\auto\lua_cocos2dx_3d_auto.cpp(6611): warning C4083: 应输入“(”；找到标识符“NO”
     1>..\auto\lua_cocos2dx_auto.cpp(13517): warning C4083: 应输入“(”；找到标识符“NO”
     1>..\auto\lua_cocos2dx_auto.cpp(13559): warning C4083: 应输入“(”；找到标识符“NO”
         lua_cocos2dx_experimental_video_auto.cpp
     1>..\auto\lua_cocos2dx_auto.cpp(21345): warning C4083: 应输入“(”；找到标识符“NO”
     1>..\auto\lua_cocos2dx_auto.cpp(21366): warning C4083: 应输入“(”；找到标识符“NO”
     1>..\auto\lua_cocos2dx_auto.cpp(22220): warning C4083: 应输入“(”；找到标识符“NO”
     1>..\auto\lua_cocos2dx_auto.cpp(22367): warning C4083: 应输入“(”；找到标识符“NO”
     1>..\auto\lua_cocos2dx_auto.cpp(22418): warning C4083: 应输入“(”；找到标识符“NO”
     1>..\auto\lua_cocos2dx_auto.cpp(28129): warning C4083: 应输入“(”；找到标识符“NO”
     1>..\auto\lua_cocos2dx_auto.cpp(28241): warning C4083: 应输入“(”；找到标识符“NO”
         lua_cocos2dx_experimental_webview_auto.cpp
     1>..\auto\lua_cocos2dx_auto.cpp(30743): warning C4083: 应输入“(”；找到标识符“NO”
     1>..\auto\lua_cocos2dx_auto.cpp(35729): warning C4083: 应输入“(”；找到标识符“NO”
         lua_cocos2dx_extension_auto.cpp
     1>..\auto\lua_cocos2dx_auto.cpp(83118): warning C4083: 应输入“(”；找到标识符“NO”
     1>..\auto\lua_cocos2dx_auto.cpp(84252): warning C4083: 应输入“(”；找到标识符“NO”
     1>..\auto\lua_cocos2dx_auto.cpp(84281): warning C4083: 应输入“(”；找到标识符“NO”
     1>..\auto\lua_cocos2dx_auto.cpp(102071): warning C4083: 应输入“(”；找到标识符“NO”
     1>f:\gameplatform\source\client\gamelobby\frameworks\cocos2d-x\cocos\scripting\lua-bindings\auto\lua_cocos2dx_3d_auto.cpp(6415): warning C4700: 使用了未初始化的局部变量“arg1”
     1>f:\gameplatform\source\client\gamelobby\frameworks\cocos2d-x\cocos\scripting\lua-bindings\auto\lua_cocos2dx_3d_auto.cpp(6618): warning C4700: 使用了未初始化的局部变量“arg1”
         lua_cocos2dx_navmesh_auto.cpp
         lua_cocos2dx_physics3d_auto.cpp
     1>f:\gameplatform\source\client\gamelobby\frameworks\cocos2d-x\cocos\scripting\lua-bindings\auto\lua_cocos2dx_auto.cpp(21349): warning C4700: 使用了未初始化的局部变量“arg2”
     1>f:\gameplatform\source\client\gamelobby\frameworks\cocos2d-x\cocos\scripting\lua-bindings\auto\lua_cocos2dx_auto.cpp(21370): warning C4700: 使用了未初始化的局部变量“arg2”
     1>f:\gameplatform\source\client\gamelobby\frameworks\cocos2d-x\cocos\scripting\lua-bindings\auto\lua_cocos2dx_auto.cpp(22229): warning C4700: 使用了未初始化的局部变量“arg0”
     1>f:\gameplatform\source\client\gamelobby\frameworks\cocos2d-x\cocos\scripting\lua-bindings\auto\lua_cocos2dx_auto.cpp(22374): warning C4700: 使用了未初始化的局部变量“arg0”
     1>f:\gameplatform\source\client\gamelobby\frameworks\cocos2d-x\cocos\scripting\lua-bindings\auto\lua_cocos2dx_auto.cpp(30750): warning C4700: 使用了未初始化的局部变量“arg1”
     1>f:\gameplatform\source\client\gamelobby\frameworks\cocos2d-x\cocos\scripting\lua-bindings\auto\lua_cocos2dx_auto.cpp(35736): warning C4700: 使用了未初始化的局部变量“arg1”
     1>..\auto\lua_cocos2dx_navmesh_auto.cpp(521): warning C4083: 应输入“(”；找到标识符“NO”
     1>..\auto\lua_cocos2dx_navmesh_auto.cpp(1190): warning C4083: 应输入“(”；找到标识符“NO”
     1>..\auto\lua_cocos2dx_extension_auto.cpp(16209): warning C4083: 应输入“(”；找到标识符“NO”
     1>f:\gameplatform\source\client\gamelobby\frameworks\cocos2d-x\cocos\scripting\lua-bindings\auto\lua_cocos2dx_navmesh_auto.cpp(1197): warning C4700: 使用了未初始化的局部变量“arg0”
         lua_cocos2dx_physics_auto.cpp
         lua_cocos2dx_spine_auto.cpp
     1>f:\gameplatform\source\client\gamelobby\frameworks\cocos2d-x\cocos\scripting\lua-bindings\auto\lua_cocos2dx_extension_auto.cpp(16216): warning C4700: 使用了未初始化的局部变量“arg0”
         lua_cocos2dx_studio_auto.cpp
     1>f:\gameplatform\source\client\gamelobby\frameworks\cocos2d-x\external\bullet\bulletcollision\broadphasecollision\btDbvtBroadphase.h(62): warning C4099: “btDbvtBroadphase”: 类型名称以前使用“class”现在使用的是“struct” (..\auto\lua_cocos2dx_physics3d_auto.cpp)
                 F:\GamePlatform\Source\Client\GameLobby\frameworks\cocos2d-x\cocos\physics3d/CCPhysics3DWorld.h(39) : 参见“btDbvtBroadphase”的声明
     1>..\auto\lua_cocos2dx_physics3d_auto.cpp(591): warning C4083: 应输入“(”；找到标识符“NO”
     1>..\auto\lua_cocos2dx_physics3d_auto.cpp(646): warning C4083: 应输入“(”；找到标识符“NO”
     1>..\auto\lua_cocos2dx_physics3d_auto.cpp(934): warning C4083: 应输入“(”；找到标识符“NO”
     1>..\auto\lua_cocos2dx_physics3d_auto.cpp(2140): warning C4083: 应输入“(”；找到标识符“NO”
     1>..\auto\lua_cocos2dx_physics3d_auto.cpp(5179): warning C4083: 应输入“(”；找到标识符“NO”
     1>..\auto\lua_cocos2dx_physics3d_auto.cpp(5554): warning C4083: 应输入“(”；找到标识符“NO”
     1>..\auto\lua_cocos2dx_physics_auto.cpp(4953): warning C4083: 应输入“(”；找到标识符“NO”
     1>f:\gameplatform\source\client\gamelobby\frameworks\cocos2d-x\cocos\scripting\lua-bindings\auto\lua_cocos2dx_physics3d_auto.cpp(598): warning C4700: 使用了未初始化的局部变量“arg0”
     1>f:\gameplatform\source\client\gamelobby\frameworks\cocos2d-x\cocos\scripting\lua-bindings\auto\lua_cocos2dx_physics3d_auto.cpp(2147): warning C4700: 使用了未初始化的局部变量“arg0”
     1>f:\gameplatform\source\client\gamelobby\frameworks\cocos2d-x\cocos\scripting\lua-bindings\auto\lua_cocos2dx_physics3d_auto.cpp(5561): warning C4700: 使用了未初始化的局部变量“arg0”
         lua_cocos2dx_ui_auto.cpp
         lua_cocos2dx_3d_manual.cpp
     1>..\auto\lua_cocos2dx_spine_auto.cpp(180): warning C4083: 应输入“(”；找到标识符“NO”
     1>..\auto\lua_cocos2dx_spine_auto.cpp(196): warning C4083: 应输入“(”；找到标识符“NO”
     1>..\auto\lua_cocos2dx_spine_auto.cpp(333): warning C4083: 应输入“(”；找到标识符“NO”
     1>..\auto\lua_cocos2dx_spine_auto.cpp(350): warning C4083: 应输入“(”；找到标识符“NO”
     1>..\auto\lua_cocos2dx_spine_auto.cpp(485): warning C4083: 应输入“(”；找到标识符“NO”
     1>..\auto\lua_cocos2dx_spine_auto.cpp(502): warning C4083: 应输入“(”；找到标识符“NO”
     1>..\auto\lua_cocos2dx_spine_auto.cpp(950): warning C4083: 应输入“(”；找到标识符“NO”
     1>..\auto\lua_cocos2dx_spine_auto.cpp(1020): warning C4083: 应输入“(”；找到标识符“NO”
     1>..\auto\lua_cocos2dx_spine_auto.cpp(1037): warning C4083: 应输入“(”；找到标识符“NO”
     1>..\auto\lua_cocos2dx_spine_auto.cpp(1104): warning C4083: 应输入“(”；找到标识符“NO”
     1>..\auto\lua_cocos2dx_spine_auto.cpp(1120): warning C4083: 应输入“(”；找到标识符“NO”
     1>..\auto\lua_cocos2dx_spine_auto.cpp(1155): warning C4083: 应输入“(”；找到标识符“NO”
     1>..\auto\lua_cocos2dx_spine_auto.cpp(1175): warning C4083: 应输入“(”；找到标识符“NO”
     1>..\auto\lua_cocos2dx_spine_auto.cpp(1314): warning C4083: 应输入“(”；找到标识符“NO”
     1>..\auto\lua_cocos2dx_spine_auto.cpp(1378): warning C4083: 应输入“(”；找到标识符“NO”
     1>..\auto\lua_cocos2dx_spine_auto.cpp(1422): warning C4083: 应输入“(”；找到标识符“NO”
     1>..\auto\lua_cocos2dx_spine_auto.cpp(1536): warning C4083: 应输入“(”；找到标识符“NO”
     1>..\auto\lua_cocos2dx_spine_auto.cpp(1648): warning C4083: 应输入“(”；找到标识符“NO”
     1>..\auto\lua_cocos2dx_spine_auto.cpp(1760): warning C4083: 应输入“(”；找到标识符“NO”
     1>..\auto\lua_cocos2dx_spine_auto.cpp(2088): warning C4083: 应输入“(”；找到标识符“NO”
     1>..\auto\lua_cocos2dx_spine_auto.cpp(2226): warning C4083: 应输入“(”；找到标识符“NO”
     1>..\auto\lua_cocos2dx_spine_auto.cpp(2243): warning C4083: 应输入“(”；找到标识符“NO”
         lua_cocos2dx_audioengine_manual.cpp
     1>..\auto\lua_cocos2dx_spine_auto.cpp(2354): warning C4083: 应输入“(”；找到标识符“NO”
     1>..\auto\lua_cocos2dx_spine_auto.cpp(2371): warning C4083: 应输入“(”；找到标识符“NO”
     1>..\auto\lua_cocos2dx_ui_auto.cpp(4653): warning C4083: 应输入“(”；找到标识符“NO”
     1>..\auto\lua_cocos2dx_ui_auto.cpp(6568): warning C4083: 应输入“(”；找到标识符“NO”
     1>..\auto\lua_cocos2dx_ui_auto.cpp(6759): warning C4083: 应输入“(”；找到标识符“NO”
     1>..\auto\lua_cocos2dx_ui_auto.cpp(7807): warning C4083: 应输入“(”；找到标识符“NO”
     1>..\auto\lua_cocos2dx_ui_auto.cpp(8423): warning C4083: 应输入“(”；找到标识符“NO”
     1>..\auto\lua_cocos2dx_ui_auto.cpp(8470): warning C4083: 应输入“(”；找到标识符“NO”
     1>..\auto\lua_cocos2dx_ui_auto.cpp(8651): warning C4083: 应输入“(”；找到标识符“NO”
     1>..\auto\lua_cocos2dx_ui_auto.cpp(8748): warning C4083: 应输入“(”；找到标识符“NO”
     1>..\auto\lua_cocos2dx_ui_auto.cpp(9141): warning C4083: 应输入“(”；找到标识符“NO”
     1>..\auto\lua_cocos2dx_ui_auto.cpp(11119): warning C4083: 应输入“(”；找到标识符“NO”
     1>..\auto\lua_cocos2dx_ui_auto.cpp(13360): warning C4083: 应输入“(”；找到标识符“NO”
     1>..\auto\lua_cocos2dx_ui_auto.cpp(13839): warning C4083: 应输入“(”；找到标识符“NO”
     1>..\auto\lua_cocos2dx_ui_auto.cpp(19268): warning C4083: 应输入“(”；找到标识符“NO”
     1>..\auto\lua_cocos2dx_ui_auto.cpp(19412): warning C4083: 应输入“(”；找到标识符“NO”
     1>..\auto\lua_cocos2dx_ui_auto.cpp(19884): warning C4083: 应输入“(”；找到标识符“NO”
     1>..\auto\lua_cocos2dx_ui_auto.cpp(20139): warning C4083: 应输入“(”；找到标识符“NO”
     1>..\auto\lua_cocos2dx_ui_auto.cpp(20233): warning C4083: 应输入“(”；找到标识符“NO”
     1>..\auto\lua_cocos2dx_ui_auto.cpp(23312): warning C4083: 应输入“(”；找到标识符“NO”
     1>..\auto\lua_cocos2dx_ui_auto.cpp(31742): warning C4083: 应输入“(”；找到标识符“NO”
     1>..\auto\lua_cocos2dx_ui_auto.cpp(31981): warning C4083: 应输入“(”；找到标识符“NO”
     1>..\auto\lua_cocos2dx_ui_auto.cpp(32423): warning C4083: 应输入“(”；找到标识符“NO”
     1>..\auto\lua_cocos2dx_ui_auto.cpp(32678): warning C4083: 应输入“(”；找到标识符“NO”
     1>..\manual\3d\lua_cocos2dx_3d_manual.cpp(211): warning C4996: 'lua_cocos2dx_3d_Sprite3D_setBlendFunc01': 被声明为已否决
                 ..\manual\3d\lua_cocos2dx_3d_manual.cpp(34) : 参见“lua_cocos2dx_3d_Sprite3D_setBlendFunc01”的声明
     1>..\manual\3d\lua_cocos2dx_3d_manual.cpp(1852): warning C4018: “<=”: 有符号/无符号不匹配
     1>..\manual\3d\lua_cocos2dx_3d_manual.cpp(1871): warning C4018: “<=”: 有符号/无符号不匹配
     1>f:\gameplatform\source\client\gamelobby\frameworks\cocos2d-x\cocos\scripting\lua-bindings\auto\lua_cocos2dx_spine_auto.cpp(187): warning C4700: 使用了未初始化的局部变量“arg0”
     1>f:\gameplatform\source\client\gamelobby\frameworks\cocos2d-x\cocos\scripting\lua-bindings\auto\lua_cocos2dx_spine_auto.cpp(205): warning C4700: 使用了未初始化的局部变量“arg0”
     1>f:\gameplatform\source\client\gamelobby\frameworks\cocos2d-x\cocos\scripting\lua-bindings\auto\lua_cocos2dx_spine_auto.cpp(337): warning C4700: 使用了未初始化的局部变量“arg1”
     1>f:\gameplatform\source\client\gamelobby\frameworks\cocos2d-x\cocos\scripting\lua-bindings\auto\lua_cocos2dx_spine_auto.cpp(358): warning C4700: 使用了未初始化的局部变量“arg1”
     1>f:\gameplatform\source\client\gamelobby\frameworks\cocos2d-x\cocos\scripting\lua-bindings\auto\lua_cocos2dx_spine_auto.cpp(489): warning C4700: 使用了未初始化的局部变量“arg1”
     1>f:\gameplatform\source\client\gamelobby\frameworks\cocos2d-x\cocos\scripting\lua-bindings\auto\lua_cocos2dx_spine_auto.cpp(510): warning C4700: 使用了未初始化的局部变量“arg1”
     1>f:\gameplatform\source\client\gamelobby\frameworks\cocos2d-x\cocos\scripting\lua-bindings\auto\lua_cocos2dx_spine_auto.cpp(1023): warning C4700: 使用了未初始化的局部变量“arg1”
     1>f:\gameplatform\source\client\gamelobby\frameworks\cocos2d-x\cocos\scripting\lua-bindings\auto\lua_cocos2dx_spine_auto.cpp(1043): warning C4700: 使用了未初始化的局部变量“arg1”
     1>f:\gameplatform\source\client\gamelobby\frameworks\cocos2d-x\cocos\scripting\lua-bindings\auto\lua_cocos2dx_spine_auto.cpp(1327): warning C4700: 使用了未初始化的局部变量“arg0”
     1>f:\gameplatform\source\client\gamelobby\frameworks\cocos2d-x\cocos\scripting\lua-bindings\auto\lua_cocos2dx_spine_auto.cpp(1435): warning C4700: 使用了未初始化的局部变量“arg0”
     1>f:\gameplatform\source\client\gamelobby\frameworks\cocos2d-x\cocos\scripting\lua-bindings\auto\lua_cocos2dx_spine_auto.cpp(1108): warning C4700: 使用了未初始化的局部变量“arg0”
     1>f:\gameplatform\source\client\gamelobby\frameworks\cocos2d-x\cocos\scripting\lua-bindings\auto\lua_cocos2dx_spine_auto.cpp(1128): warning C4700: 使用了未初始化的局部变量“arg0”
     1>f:\gameplatform\source\client\gamelobby\frameworks\cocos2d-x\cocos\scripting\lua-bindings\auto\lua_cocos2dx_spine_auto.cpp(1159): warning C4700: 使用了未初始化的局部变量“arg1”
     1>f:\gameplatform\source\client\gamelobby\frameworks\cocos2d-x\cocos\scripting\lua-bindings\auto\lua_cocos2dx_spine_auto.cpp(1183): warning C4700: 使用了未初始化的局部变量“arg1”
     1>f:\gameplatform\source\client\gamelobby\frameworks\cocos2d-x\cocos\scripting\lua-bindings\auto\lua_cocos2dx_spine_auto.cpp(1549): warning C4700: 使用了未初始化的局部变量“arg0”
     1>f:\gameplatform\source\client\gamelobby\frameworks\cocos2d-x\cocos\scripting\lua-bindings\auto\lua_cocos2dx_spine_auto.cpp(1661): warning C4700: 使用了未初始化的局部变量“arg0”
     1>f:\gameplatform\source\client\gamelobby\frameworks\cocos2d-x\cocos\scripting\lua-bindings\auto\lua_cocos2dx_spine_auto.cpp(1773): warning C4700: 使用了未初始化的局部变量“arg0”
     1>f:\gameplatform\source\client\gamelobby\frameworks\cocos2d-x\cocos\scripting\lua-bindings\auto\lua_cocos2dx_spine_auto.cpp(2101): warning C4700: 使用了未初始化的局部变量“arg0”
     1>f:\gameplatform\source\client\gamelobby\frameworks\cocos2d-x\cocos\scripting\lua-bindings\auto\lua_cocos2dx_spine_auto.cpp(2229): warning C4700: 使用了未初始化的局部变量“arg1”
     1>f:\gameplatform\source\client\gamelobby\frameworks\cocos2d-x\cocos\scripting\lua-bindings\auto\lua_cocos2dx_spine_auto.cpp(2249): warning C4700: 使用了未初始化的局部变量“arg1”
     1>f:\gameplatform\source\client\gamelobby\frameworks\cocos2d-x\cocos\scripting\lua-bindings\auto\lua_cocos2dx_spine_auto.cpp(2357): warning C4700: 使用了未初始化的局部变量“arg1”
     1>f:\gameplatform\source\client\gamelobby\frameworks\cocos2d-x\cocos\scripting\lua-bindings\auto\lua_cocos2dx_spine_auto.cpp(2377): warning C4700: 使用了未初始化的局部变量“arg1”
         CCLuaBridge.cpp
         CCLuaEngine.cpp
         CCLuaStack.cpp
         CCLuaValue.cpp
         Cocos2dxLuaLoader.cpp
         LuaOpengl.cpp
         LuaScriptHandlerMgr.cpp
         CCComponentLua.cpp
     1>..\manual\cocos2d\LuaOpengl.cpp(4435): warning C4996: 'cocos2d::DrawPrimitives::drawPoint': 被声明为已否决
                 F:\GamePlatform\Source\Client\GameLobby\frameworks\cocos2d-x\cocos\2d/CCDrawingPrimitives.h(100) : 参见“cocos2d::DrawPrimitives::drawPoint”的声明
     1>..\manual\cocos2d\LuaOpengl.cpp(4470): warning C4018: “<”: 有符号/无符号不匹配
     1>..\manual\cocos2d\LuaOpengl.cpp(4488): warning C4996: 'cocos2d::DrawPrimitives::drawPoints': 被声明为已否决
                 F:\GamePlatform\Source\Client\GameLobby\frameworks\cocos2d-x\cocos\2d/CCDrawingPrimitives.h(108) : 参见“cocos2d::DrawPrimitives::drawPoints”的声明
     1>..\manual\cocos2d\LuaOpengl.cpp(4523): warning C4996: 'cocos2d::DrawPrimitives::drawLine': 被声明为已否决
                 F:\GamePlatform\Source\Client\GameLobby\frameworks\cocos2d-x\cocos\2d/CCDrawingPrimitives.h(115) : 参见“cocos2d::DrawPrimitives::drawLine”的声明
     1>..\manual\cocos2d\LuaOpengl.cpp(4556): warning C4996: 'cocos2d::DrawPrimitives::drawRect': 被声明为已否决
                 F:\GamePlatform\Source\Client\GameLobby\frameworks\cocos2d-x\cocos\2d/CCDrawingPrimitives.h(123) : 参见“cocos2d::DrawPrimitives::drawRect”的声明
     1>..\manual\cocos2d\LuaOpengl.cpp(4596): warning C4996: 'cocos2d::DrawPrimitives::drawSolidRect': 被声明为已否决
                 F:\GamePlatform\Source\Client\GameLobby\frameworks\cocos2d-x\cocos\2d/CCDrawingPrimitives.h(133) : 参见“cocos2d::DrawPrimitives::drawSolidRect”的声明
     1>..\manual\cocos2d\LuaOpengl.cpp(4632): warning C4018: “<”: 有符号/无符号不匹配
     1>..\manual\cocos2d\LuaOpengl.cpp(4650): warning C4996: 'cocos2d::DrawPrimitives::drawPoly': 被声明为已否决
                 F:\GamePlatform\Source\Client\GameLobby\frameworks\cocos2d-x\cocos\2d/CCDrawingPrimitives.h(142) : 参见“cocos2d::DrawPrimitives::drawPoly”的声明
     1>..\manual\cocos2d\LuaOpengl.cpp(4686): warning C4018: “<”: 有符号/无符号不匹配
     1>..\manual\cocos2d\LuaOpengl.cpp(4712): warning C4996: 'cocos2d::DrawPrimitives::drawSolidPoly': 被声明为已否决
                 F:\GamePlatform\Source\Client\GameLobby\frameworks\cocos2d-x\cocos\2d/CCDrawingPrimitives.h(150) : 参见“cocos2d::DrawPrimitives::drawSolidPoly”的声明
     1>..\manual\cocos2d\LuaOpengl.cpp(4756): warning C4996: 'cocos2d::DrawPrimitives::drawCircle': 被声明为已否决
                 F:\GamePlatform\Source\Client\GameLobby\frameworks\cocos2d-x\cocos\2d/CCDrawingPrimitives.h(162) : 参见“cocos2d::DrawPrimitives::drawCircle”的声明
     1>..\manual\cocos2d\LuaOpengl.cpp(4794): warning C4996: 'cocos2d::DrawPrimitives::drawSolidCircle': 被声明为已否决
                 F:\GamePlatform\Source\Client\GameLobby\frameworks\cocos2d-x\cocos\2d/CCDrawingPrimitives.h(183) : 参见“cocos2d::DrawPrimitives::drawSolidCircle”的声明
     1>..\manual\cocos2d\LuaOpengl.cpp(4836): warning C4996: 'cocos2d::DrawPrimitives::drawQuadBezier': 被声明为已否决
                 F:\GamePlatform\Source\Client\GameLobby\frameworks\cocos2d-x\cocos\2d/CCDrawingPrimitives.h(203) : 参见“cocos2d::DrawPrimitives::drawQuadBezier”的声明
     1>..\manual\cocos2d\LuaOpengl.cpp(4883): warning C4996: 'cocos2d::DrawPrimitives::drawCubicBezier': 被声明为已否决
                 F:\GamePlatform\Source\Client\GameLobby\frameworks\cocos2d-x\cocos\2d/CCDrawingPrimitives.h(215) : 参见“cocos2d::DrawPrimitives::drawCubicBezier”的声明
     1>..\manual\cocos2d\LuaOpengl.cpp(4929): warning C4996: 'cocos2d::DrawPrimitives::drawCatmullRom': 被声明为已否决
                 F:\GamePlatform\Source\Client\GameLobby\frameworks\cocos2d-x\cocos\2d/CCDrawingPrimitives.h(224) : 参见“cocos2d::DrawPrimitives::drawCatmullRom”的声明
     1>..\manual\cocos2d\LuaOpengl.cpp(4975): warning C4996: 'cocos2d::DrawPrimitives::drawCardinalSpline': 被声明为已否决
                 F:\GamePlatform\Source\Client\GameLobby\frameworks\cocos2d-x\cocos\2d/CCDrawingPrimitives.h(234) : 参见“cocos2d::DrawPrimitives::drawCardinalSpline”的声明
     1>..\manual\cocos2d\LuaOpengl.cpp(5007): warning C4996: 'cocos2d::DrawPrimitives::setDrawColor4B': 被声明为已否决
                 F:\GamePlatform\Source\Client\GameLobby\frameworks\cocos2d-x\cocos\2d/CCDrawingPrimitives.h(245) : 参见“cocos2d::DrawPrimitives::setDrawColor4B”的声明
     1>..\manual\cocos2d\LuaOpengl.cpp(5039): warning C4996: 'cocos2d::DrawPrimitives::setDrawColor4F': 被声明为已否决
                 F:\GamePlatform\Source\Client\GameLobby\frameworks\cocos2d-x\cocos\2d/CCDrawingPrimitives.h(256) : 参见“cocos2d::DrawPrimitives::setDrawColor4F”的声明
     1>..\manual\cocos2d\LuaOpengl.cpp(5065): warning C4996: 'cocos2d::DrawPrimitives::setPointSize': 被声明为已否决
                 F:\GamePlatform\Source\Client\GameLobby\frameworks\cocos2d-x\cocos\2d/CCDrawingPrimitives.h(263) : 参见“cocos2d::DrawPrimitives::setPointSize”的声明
     1>..\manual\cocos2d\LuaOpengl.cpp(5090): warning C4996: 'tolua_cocos2d_DrawPrimitives_drawPoint00': 被声明为已否决
                 ..\manual\cocos2d\LuaOpengl.cpp(4421) : 参见“tolua_cocos2d_DrawPrimitives_drawPoint00”的声明
     1>..\manual\cocos2d\LuaOpengl.cpp(5091): warning C4996: 'tolua_cocos2d_DrawPrimitives_drawPoints00': 被声明为已否决
                 ..\manual\cocos2d\LuaOpengl.cpp(4449) : 参见“tolua_cocos2d_DrawPrimitives_drawPoints00”的声明
     1>..\manual\cocos2d\LuaOpengl.cpp(5092): warning C4996: 'tolua_cocos2d_DrawPrimitives_drawLine00': 被声明为已否决
                 ..\manual\cocos2d\LuaOpengl.cpp(4503) : 参见“tolua_cocos2d_DrawPrimitives_drawLine00”的声明
     1>..\manual\cocos2d\LuaOpengl.cpp(5093): warning C4996: 'tolua_cocos2d_DrawPrimitives_drawRect00': 被声明为已否决
                 ..\manual\cocos2d\LuaOpengl.cpp(4536) : 参见“tolua_cocos2d_DrawPrimitives_drawRect00”的声明
     1>..\manual\cocos2d\LuaOpengl.cpp(5094): warning C4996: 'tolua_cocos2d_DrawPrimitives_drawSolidRect00': 被声明为已否决
                 ..\manual\cocos2d\LuaOpengl.cpp(4569) : 参见“tolua_cocos2d_DrawPrimitives_drawSolidRect00”的声明
     1>..\manual\cocos2d\LuaOpengl.cpp(5095): warning C4996: 'tolua_cocos2d_DrawPrimitives_drawPoly00': 被声明为已否决
                 ..\manual\cocos2d\LuaOpengl.cpp(4609) : 参见“tolua_cocos2d_DrawPrimitives_drawPoly00”的声明
     1>..\manual\cocos2d\LuaOpengl.cpp(5096): warning C4996: 'tolua_cocos2d_DrawPrimitives_drawSolidPoly00': 被声明为已否决
                 ..\manual\cocos2d\LuaOpengl.cpp(4665) : 参见“tolua_cocos2d_DrawPrimitives_drawSolidPoly00”的声明
     1>..\manual\cocos2d\LuaOpengl.cpp(5097): warning C4996: 'tolua_cocos2d_DrawPrimitives_drawCircle00': 被声明为已否决
                 ..\manual\cocos2d\LuaOpengl.cpp(4727) : 参见“tolua_cocos2d_DrawPrimitives_drawCircle00”的声明
     1>..\manual\cocos2d\LuaOpengl.cpp(5098): warning C4996: 'tolua_cocos2d_DrawPrimitives_drawSolidCircle00': 被声明为已否决
                 ..\manual\cocos2d\LuaOpengl.cpp(4769) : 参见“tolua_cocos2d_DrawPrimitives_drawSolidCircle00”的声明
     1>..\manual\cocos2d\LuaOpengl.cpp(5099): warning C4996: 'tolua_cocos2d_DrawPrimitives_drawQuadBezier00': 被声明为已否决
                 ..\manual\cocos2d\LuaOpengl.cpp(4808) : 参见“tolua_cocos2d_DrawPrimitives_drawQuadBezier00”的声明
     1>..\manual\cocos2d\LuaOpengl.cpp(5100): warning C4996: 'tolua_cocos2d_DrawPrimitives_drawCubicBezier00': 被声明为已否决
                 ..\manual\cocos2d\LuaOpengl.cpp(4849) : 参见“tolua_cocos2d_DrawPrimitives_drawCubicBezier00”的声明
     1>..\manual\cocos2d\LuaOpengl.cpp(5101): warning C4996: 'tolua_cocos2d_DrawPrimitives_drawCatmullRom00': 被声明为已否决
                 ..\manual\cocos2d\LuaOpengl.cpp(4896) : 参见“tolua_cocos2d_DrawPrimitives_drawCatmullRom00”的声明
     1>..\manual\cocos2d\LuaOpengl.cpp(5102): warning C4996: 'tolua_cocos2d_DrawPrimitives_drawCardinalSpline00': 被声明为已否决
                 ..\manual\cocos2d\LuaOpengl.cpp(4942) : 参见“tolua_cocos2d_DrawPrimitives_drawCardinalSpline00”的声明
     1>..\manual\cocos2d\LuaOpengl.cpp(5103): warning C4996: 'tolua_cocos2d_DrawPrimitives_drawColor4B00': 被声明为已否决
                 ..\manual\cocos2d\LuaOpengl.cpp(4988) : 参见“tolua_cocos2d_DrawPrimitives_drawColor4B00”的声明
     1>..\manual\cocos2d\LuaOpengl.cpp(5104): warning C4996: 'tolua_cocos2d_DrawPrimitives_drawColor4F00': 被声明为已否决
                 ..\manual\cocos2d\LuaOpengl.cpp(5020) : 参见“tolua_cocos2d_DrawPrimitives_drawColor4F00”的声明
     1>..\manual\cocos2d\LuaOpengl.cpp(5105): warning C4996: 'tolua_cocos2d_DrawPrimitives_setPointSize00': 被声明为已否决
                 ..\manual\cocos2d\LuaOpengl.cpp(5052) : 参见“tolua_cocos2d_DrawPrimitives_setPointSize00”的声明
         lua_cocos2dx_deprecated.cpp
         lua_cocos2dx_experimental_manual.cpp
         lua_cocos2dx_manual.cpp
     1>..\manual\cocos2d\lua_cocos2dx_deprecated.cpp(1530): warning C4018: “<”: 有符号/无符号不匹配
         lua_cocos2dx_physics_manual.cpp
     1>..\manual\cocos2d\lua_cocos2dx_manual.cpp(301): warning C4018: “<=”: 有符号/无符号不匹配
     1>..\manual\cocos2d\lua_cocos2dx_manual.cpp(450): warning C4018: “<”: 有符号/无符号不匹配
     1>..\manual\cocos2d\lua_cocos2dx_manual.cpp(1783): warning C4018: “<=”: 有符号/无符号不匹配
         CCBProxy.cpp
     1>..\manual\cocos2d\lua_cocos2dx_manual.cpp(2591): warning C4018: “<=”: 有符号/无符号不匹配
     1>..\manual\cocos2d\lua_cocos2dx_manual.cpp(2986): warning C4018: “<”: 有符号/无符号不匹配
     1>..\manual\cocos2d\lua_cocos2dx_manual.cpp(3072): warning C4018: “<”: 有符号/无符号不匹配
     1>..\manual\cocos2d\lua_cocos2dx_manual.cpp(3151): warning C4018: “<”: 有符号/无符号不匹配
     1>..\manual\cocos2d\lua_cocos2dx_manual.cpp(3359): warning C4018: “<”: 有符号/无符号不匹配
     1>..\manual\cocos2d\lua_cocos2dx_manual.cpp(3399): warning C4018: “<”: 有符号/无符号不匹配
     1>..\manual\cocos2d\lua_cocos2dx_manual.cpp(4064): warning C4018: “<=”: 有符号/无符号不匹配
     1>..\manual\cocos2d\lua_cocos2dx_manual.cpp(4138): warning C4018: “<=”: 有符号/无符号不匹配
     1>..\manual\cocos2d\lua_cocos2dx_manual.cpp(4213): warning C4018: “<=”: 有符号/无符号不匹配
     1>..\manual\cocos2d\lua_cocos2dx_manual.cpp(4286): warning C4018: “<=”: 有符号/无符号不匹配
     1>..\manual\cocos2d\lua_cocos2dx_manual.cpp(4361): warning C4018: “<=”: 有符号/无符号不匹配
     1>..\manual\cocos2d\lua_cocos2dx_manual.cpp(5118): warning C4996: 'tolua_cocos2dx_DrawNode_setBlendFunc01': 被声明为已否决
                 ..\manual\cocos2d\lua_cocos2dx_manual.cpp(3578) : 参见“tolua_cocos2dx_DrawNode_setBlendFunc01”的声明
     1>..\manual\cocos2d\lua_cocos2dx_manual.cpp(5305): warning C4996: 'tolua_cocos2dx_Sprite_setBlendFunc01': 被声明为已否决
                 ..\manual\cocos2d\lua_cocos2dx_manual.cpp(3487) : 参见“tolua_cocos2dx_Sprite_setBlendFunc01”的声明
     1>..\manual\cocos2d\lua_cocos2dx_manual.cpp(5320): warning C4996: 'tolua_cocos2dx_LayerColor_setBlendFunc01': 被声明为已否决
                 ..\manual\cocos2d\lua_cocos2dx_manual.cpp(3552) : 参见“tolua_cocos2dx_LayerColor_setBlendFunc01”的声明
     1>..\manual\cocos2d\lua_cocos2dx_manual.cpp(5346): warning C4996: 'tolua_cocos2dx_ParticleSystem_setBlendFunc01': 被声明为已否决
                 ..\manual\cocos2d\lua_cocos2dx_manual.cpp(3565) : 参见“tolua_cocos2dx_ParticleSystem_setBlendFunc01”的声明
     1>..\manual\cocos2d\lua_cocos2dx_manual.cpp(5393): warning C4996: 'tolua_cocos2dx_SpriteBatchNode_setBlendFunc01': 被声明为已否决
                 ..\manual\cocos2d\lua_cocos2dx_manual.cpp(3500) : 参见“tolua_cocos2dx_SpriteBatchNode_setBlendFunc01”的声明
     1>..\manual\cocos2d\lua_cocos2dx_manual.cpp(5406): warning C4996: 'tolua_cocos2dx_MotionStreak_setBlendFunc01': 被声明为已否决
                 ..\manual\cocos2d\lua_cocos2dx_manual.cpp(3513) : 参见“tolua_cocos2dx_MotionStreak_setBlendFunc01”的声明
     1>..\manual\cocos2d\lua_cocos2dx_manual.cpp(5419): warning C4996: 'tolua_cocos2dx_AtlasNode_setBlendFunc01': 被声明为已否决
                 ..\manual\cocos2d\lua_cocos2dx_manual.cpp(3526) : 参见“tolua_cocos2dx_AtlasNode_setBlendFunc01”的声明
     1>..\manual\cocos2d\lua_cocos2dx_manual.cpp(5432): warning C4996: 'tolua_cocos2dx_ParticleBatchNode_setBlendFunc01': 被声明为已否决
                 ..\manual\cocos2d\lua_cocos2dx_manual.cpp(3539) : 参见“tolua_cocos2dx_ParticleBatchNode_setBlendFunc01”的声明
     1>..\manual\cocos2d\lua_cocos2dx_manual.cpp(7249): warning C4018: “<=”: 有符号/无符号不匹配
         lua_cocos2dx_cocosbuilder_manual.cpp
         lua_cocos2dx_cocosdenshion_manual.cpp
         CustomGUIReader.cpp
         lua-cocos-studio-conversions.cpp
         lua_cocos2dx_coco_studio_manual.cpp
         lua_cocos2dx_csloader_manual.cpp
         lua_cocos2dx_extension_manual.cpp
         LuaBasicConversions.cpp
     1>..\manual\cocostudio\lua_cocos2dx_coco_studio_manual.cpp(386): warning C4996: 'cocostudio::Bone::getIgnoreMovementBoneData': 被声明为已否决
                 F:\GamePlatform\Source\Client\GameLobby\frameworks\cocos2d-x\cocos\editor-support/cocostudio/CCBone.h(194) : 参见“cocostudio::Bone::getIgnoreMovementBoneData”的声明
                 F:\GamePlatform\Source\Client\GameLobby\frameworks\cocos2d-x\cocos\editor-support/cocostudio/CCBone.h(194) : 参见“cocostudio::Bone::getIgnoreMovementBoneData”的声明
         lua_module_register.cpp
         lua_cocos2dx_navmesh_conversions.cpp
         lua_cocos2dx_navmesh_manual.cpp
         lua_cocos2dx_network_manual.cpp
         Lua_web_socket.cpp
         lua_xml_http_request.cpp
         lua_cocos2dx_physics3d_manual.cpp
         LuaSkeletonAnimation.cpp
     1>..\manual\network\lua_xml_http_request.cpp(313): warning C4102: “tolua_lerror”: 未引用的标签
     1>..\manual\network\lua_xml_http_request.cpp(694): warning C4018: “<”: 有符号/无符号不匹配
         lua_cocos2dx_spine_manual.cpp
         tolua_fix.cpp
     1>f:\gameplatform\source\client\gamelobby\frameworks\cocos2d-x\external\bullet\bulletcollision\broadphasecollision\btDbvtBroadphase.h(62): warning C4099: “btDbvtBroadphase”: 类型名称以前使用“class”现在使用的是“struct” (..\manual\physics3d\lua_cocos2dx_physics3d_manual.cpp)
                 F:\GamePlatform\Source\Client\GameLobby\frameworks\cocos2d-x\cocos\physics3d/CCPhysics3DWorld.h(39) : 参见“btDbvtBroadphase”的声明
         lua_cocos2dx_experimental_video_manual.cpp
         lua_cocos2dx_experimental_webview_manual.cpp
         lua_cocos2dx_ui_manual.cpp
     1>..\manual\spine\lua_cocos2dx_spine_manual.cpp(509): warning C4996: 'tolua_spine_SkeletoneAnimation_setBlendFunc': 被声明为已否决
                 ..\manual\spine\lua_cocos2dx_spine_manual.cpp(356) : 参见“tolua_spine_SkeletoneAnimation_setBlendFunc”的声明
       Lib:
         D:\Program Files\Microsoft Visual Studio 12.0\VC\bin\Lib.exe /OUT:"F:\GamePlatform\Source\Client\GameLobby\frameworks\runtime-src\proj.win32\Debug.win32\libluacocos2d.lib" /LIBPATH:"D:\Program Files\Visual Leak Detector\lib\Win32" /LIBPATH:"C:\Program Files (x86)\Visual Leak Detector\lib\Win32" /NOLOGO Debug.win32\libluacocos2d\auxiliar.obj
         Debug.win32\libluacocos2d\buffer.obj
         Debug.win32\libluacocos2d\except.obj
         Debug.win32\libluacocos2d\inet.obj
         Debug.win32\libluacocos2d\io.obj
         Debug.win32\libluacocos2d\luasocket.obj
         Debug.win32\libluacocos2d\luasocket_scripts.obj
         Debug.win32\libluacocos2d\mime.obj
         Debug.win32\libluacocos2d\options.obj
         Debug.win32\libluacocos2d\select.obj
         Debug.win32\libluacocos2d\tcp.obj
         Debug.win32\libluacocos2d\timeout.obj
         Debug.win32\libluacocos2d\udp.obj
         Debug.win32\libluacocos2d\wsocket.obj
         Debug.win32\libluacocos2d\tolua_event.obj
         Debug.win32\libluacocos2d\tolua_is.obj
         Debug.win32\libluacocos2d\tolua_map.obj
         Debug.win32\libluacocos2d\tolua_push.obj
         Debug.win32\libluacocos2d\tolua_to.obj
         Debug.win32\libluacocos2d\xxtea.obj
         Debug.win32\libluacocos2d\lua_cocos2dx_3d_auto.obj
         Debug.win32\libluacocos2d\lua_cocos2dx_audioengine_auto.obj
         Debug.win32\libluacocos2d\lua_cocos2dx_auto.obj
         Debug.win32\libluacocos2d\lua_cocos2dx_cocosbuilder_auto.obj
         Debug.win32\libluacocos2d\lua_cocos2dx_cocosdenshion_auto.obj
         Debug.win32\libluacocos2d\lua_cocos2dx_csloader_auto.obj
         Debug.win32\libluacocos2d\lua_cocos2dx_experimental_auto.obj
         Debug.win32\libluacocos2d\lua_cocos2dx_experimental_video_auto.obj
         Debug.win32\libluacocos2d\lua_cocos2dx_experimental_webview_auto.obj
         Debug.win32\libluacocos2d\lua_cocos2dx_extension_auto.obj
         Debug.win32\libluacocos2d\lua_cocos2dx_navmesh_auto.obj
         Debug.win32\libluacocos2d\lua_cocos2dx_physics3d_auto.obj
         Debug.win32\libluacocos2d\lua_cocos2dx_physics_auto.obj
         Debug.win32\libluacocos2d\lua_cocos2dx_spine_auto.obj
         Debug.win32\libluacocos2d\lua_cocos2dx_studio_auto.obj
         Debug.win32\libluacocos2d\lua_cocos2dx_ui_auto.obj
         Debug.win32\libluacocos2d\lua_cocos2dx_3d_manual.obj
         Debug.win32\libluacocos2d\lua_cocos2dx_audioengine_manual.obj
         Debug.win32\libluacocos2d\CCLuaBridge.obj
         Debug.win32\libluacocos2d\CCLuaEngine.obj
         Debug.win32\libluacocos2d\CCLuaStack.obj
         Debug.win32\libluacocos2d\CCLuaValue.obj
         Debug.win32\libluacocos2d\Cocos2dxLuaLoader.obj
         Debug.win32\libluacocos2d\LuaOpengl.obj
         Debug.win32\libluacocos2d\LuaScriptHandlerMgr.obj
         Debug.win32\libluacocos2d\CCComponentLua.obj
         Debug.win32\libluacocos2d\lua_cocos2dx_deprecated.obj
         Debug.win32\libluacocos2d\lua_cocos2dx_experimental_manual.obj
         Debug.win32\libluacocos2d\lua_cocos2dx_manual.obj
         Debug.win32\libluacocos2d\lua_cocos2dx_physics_manual.obj
         Debug.win32\libluacocos2d\CCBProxy.obj
         Debug.win32\libluacocos2d\lua_cocos2dx_cocosbuilder_manual.obj
         Debug.win32\libluacocos2d\lua_cocos2dx_cocosdenshion_manual.obj
         Debug.win32\libluacocos2d\CustomGUIReader.obj
         "Debug.win32\libluacocos2d\lua-cocos-studio-conversions.obj"
         Debug.win32\libluacocos2d\lua_cocos2dx_coco_studio_manual.obj
         Debug.win32\libluacocos2d\lua_cocos2dx_csloader_manual.obj
         Debug.win32\libluacocos2d\lua_cocos2dx_extension_manual.obj
         Debug.win32\libluacocos2d\LuaBasicConversions.obj
         Debug.win32\libluacocos2d\lua_module_register.obj
         Debug.win32\libluacocos2d\lua_cocos2dx_navmesh_conversions.obj
         Debug.win32\libluacocos2d\lua_cocos2dx_navmesh_manual.obj
         Debug.win32\libluacocos2d\lua_cocos2dx_network_manual.obj
         Debug.win32\libluacocos2d\lua_extensions.obj
         Debug.win32\libluacocos2d\Lua_web_socket.obj
         Debug.win32\libluacocos2d\lua_xml_http_request.obj
         Debug.win32\libluacocos2d\lua_cocos2dx_physics3d_manual.obj
         Debug.win32\libluacocos2d\LuaSkeletonAnimation.obj
         Debug.win32\libluacocos2d\lua_cocos2dx_spine_manual.obj
         Debug.win32\libluacocos2d\tolua_fix.obj
         Debug.win32\libluacocos2d\lua_cocos2dx_experimental_video_manual.obj
         Debug.win32\libluacocos2d\lua_cocos2dx_experimental_webview_manual.obj
         Debug.win32\libluacocos2d\lua_cocos2dx_ui_manual.obj
         libluacocos2d.vcxproj -> F:\GamePlatform\Source\Client\GameLobby\frameworks\runtime-src\proj.win32\Debug.win32\libluacocos2d.lib
     1>已完成生成项目“F:\GamePlatform\Source\Client\GameLobby\frameworks\cocos2d-x\cocos\scripting\lua-bindings\proj.win32\libluacocos2d.vcxproj”(Build 个目标)的操作。

生成成功。

已用时间 00:01:46.44
